C:\USERS\DIEGO\DOCUMENTS\COCOS\COCOSPROJECTS\KARIKUNAK\PROJ.WIN32\DEBUG.WIN32\HELLOWORLDSCENE.OBJ
C:\USERS\DIEGO\DOCUMENTS\COCOS\COCOSPROJECTS\KARIKUNAK\PROJ.WIN32\DEBUG.WIN32\MAIN.OBJ
C:\USERS\DIEGO\DOCUMENTS\COCOS\COCOSPROJECTS\KARIKUNAK\PROJ.WIN32\DEBUG.WIN32\APPDELEGATE.OBJ
C:\USERS\DIEGO\DOCUMENTS\COCOS\COCOSPROJECTS\KARIKUNAK\PROJ.WIN32\DEBUG.WIN32\MENU.OBJ
C:\USERS\DIEGO\DOCUMENTS\COCOS\COCOSPROJECTS\KARIKUNAK\PROJ.WIN32\DEBUG.WIN32\VC110.PDB
C:\Users\Diego\Documents\Cocos\CocosProjects\karikunak\proj.win32\Debug.win32\karikunak.lib
C:\Users\Diego\Documents\Cocos\CocosProjects\karikunak\proj.win32\Debug.win32\karikunak.exp
C:\USERS\DIEGO\DOCUMENTS\COCOS\COCOSPROJECTS\KARIKUNAK\PROJ.WIN32\DEBUG.WIN32\GAME.RES
C:\Users\Diego\Documents\Cocos\CocosProjects\karikunak\proj.win32\Debug.win32\AppDelegate.obj
C:\Users\Diego\Documents\Cocos\CocosProjects\karikunak\proj.win32\Debug.win32\HelloWorldScene.obj
C:\Users\Diego\Documents\Cocos\CocosProjects\karikunak\proj.win32\Debug.win32\main.obj
C:\Users\Diego\Documents\Cocos\CocosProjects\karikunak\proj.win32\Debug.win32\menu.obj
C:\Users\Diego\Documents\Cocos\CocosProjects\karikunak\proj.win32\Debug.win32\CL.2536.read.1.tlog
C:\Users\Diego\Documents\Cocos\CocosProjects\karikunak\proj.win32\Debug.win32\CL.2536.write.1.tlog
C:\Users\Diego\Documents\Cocos\CocosProjects\karikunak\proj.win32\Debug.win32\CL.5184.read.1.tlog
C:\Users\Diego\Documents\Cocos\CocosProjects\karikunak\proj.win32\Debug.win32\CL.5184.write.1.tlog
C:\Users\Diego\Documents\Cocos\CocosProjects\karikunak\proj.win32\Debug.win32\CL.5988.read.1.tlog
C:\Users\Diego\Documents\Cocos\CocosProjects\karikunak\proj.win32\Debug.win32\CL.5988.write.1.tlog
C:\Users\Diego\Documents\Cocos\CocosProjects\karikunak\proj.win32\Debug.win32\CL.9092.read.1.tlog
C:\Users\Diego\Documents\Cocos\CocosProjects\karikunak\proj.win32\Debug.win32\CL.9092.write.1.tlog
C:\Users\Diego\Documents\Cocos\CocosProjects\karikunak\proj.win32\Debug.win32\cl.command.1.tlog
C:\Users\Diego\Documents\Cocos\CocosProjects\karikunak\proj.win32\Debug.win32\CL.read.1.tlog
C:\Users\Diego\Documents\Cocos\CocosProjects\karikunak\proj.win32\Debug.win32\CL.write.1.tlog
C:\Users\Diego\Documents\Cocos\CocosProjects\karikunak\proj.win32\Debug.win32\karikunak.write.1.tlog
C:\Users\Diego\Documents\Cocos\CocosProjects\karikunak\proj.win32\Debug.win32\link-cvtres.read.1.tlog
C:\Users\Diego\Documents\Cocos\CocosProjects\karikunak\proj.win32\Debug.win32\link-cvtres.write.1.tlog
C:\Users\Diego\Documents\Cocos\CocosProjects\karikunak\proj.win32\Debug.win32\link-rc.read.1.tlog
C:\Users\Diego\Documents\Cocos\CocosProjects\karikunak\proj.win32\Debug.win32\link-rc.write.1.tlog
C:\Users\Diego\Documents\Cocos\CocosProjects\karikunak\proj.win32\Debug.win32\link.command.1.tlog
C:\Users\Diego\Documents\Cocos\CocosProjects\karikunak\proj.win32\Debug.win32\link.read.1.tlog
C:\Users\Diego\Documents\Cocos\CocosProjects\karikunak\proj.win32\Debug.win32\link.write.1.tlog
C:\Users\Diego\Documents\Cocos\CocosProjects\karikunak\proj.win32\Debug.win32\rc.command.1.tlog
C:\Users\Diego\Documents\Cocos\CocosProjects\karikunak\proj.win32\Debug.win32\rc.read.1.tlog
C:\Users\Diego\Documents\Cocos\CocosProjects\karikunak\proj.win32\Debug.win32\rc.write.1.tlog
C:\Users\Diego\Documents\Cocos\CocosProjects\karikunak\proj.win32\Debug.win32\game.res
C:\Users\Diego\Documents\Cocos\CocosProjects\karikunak\proj.win32\Debug.win32\vc110.idb
C:\Users\Diego\Documents\Cocos\CocosProjects\karikunak\proj.win32\Debug.win32\vc120.idb
C:\Users\Diego\Documents\Cocos\CocosProjects\karikunak\proj.win32\Debug.win32\karikunak.pdb
C:\Users\Diego\Documents\Cocos\CocosProjects\karikunak\proj.win32\Debug.win32\vc110.pdb
C:\Users\Diego\Documents\Cocos\CocosProjects\karikunak\proj.win32\Debug.win32\vc120.pdb
